<?xml version="1.0" encoding="UTF-8"?>
<!-- Generated by org.testng.reporters.JUnitReportReporter -->
<testsuite skipped="0" hostname="LAPTOP-TLEVL4LQ" name="RegisterAccount.Create_account_with_Valid_Credential" tests="1" failures="0" timestamp="05 Jul 2019 19:45:44 GMT" time="7.508" errors="0">
  <testcase name="Validate_CreateAccount" time="7.508" classname="RegisterAccount.Create_account_with_Valid_Credential"/>
</testsuite> <!-- RegisterAccount.Create_account_with_Valid_Credential -->
