<?xml version="1.0" encoding="UTF-8"?>
<!-- Generated by org.testng.reporters.JUnitReportReporter -->
<testsuite skipped="0" hostname="DESKTOP-K8MD37P" name="Select_Flights.Verify_the_Select_Flight_Functionality" tests="1" failures="0" timestamp="09 Jul 2019 17:14:48 GMT" time="70.926" errors="0">
  <testcase name="Velidate_Select_Flidht" time="70.926" classname="Select_Flights.Verify_the_Select_Flight_Functionality"/>
</testsuite> <!-- Select_Flights.Verify_the_Select_Flight_Functionality -->
